Unsupposrted library path: C:\A137442\Java\XuphoriumCraft\build\classes\java\api
Unsupposrted library path: C:\A137442\Java\XuphoriumCraft\build\resources\api
Symbol range map extraction starting
Processing 14 files
startProcessing "com/xuphorium/xuphorium_craft/XArmor.java" md5: 42c7cd6943b9c81afa4a22d341d653c9
endProcessing "com/xuphorium/xuphorium_craft/XArmor.java"

startProcessing "com/xuphorium/xuphorium_craft/XBoss.java" md5: 00b4fc5aa2fd7c895eb176015b854316
endProcessing "com/xuphorium/xuphorium_craft/XBoss.java"

startProcessing "com/xuphorium/xuphorium_craft/XCraftBlocks.java" md5: 8f034a05291330c17d1ba129da9ea1e6
endProcessing "com/xuphorium/xuphorium_craft/XCraftBlocks.java"

startProcessing "com/xuphorium/xuphorium_craft/XCraftCTab.java" md5: 35347420f82adfbed6be9cfa8f37fd76
endProcessing "com/xuphorium/xuphorium_craft/XCraftCTab.java"

startProcessing "com/xuphorium/xuphorium_craft/XCraftMaterials.java" md5: a2b4ccaa58d5e790a029d58e32022a56
endProcessing "com/xuphorium/xuphorium_craft/XCraftMaterials.java"

startProcessing "com/xuphorium/xuphorium_craft/XCraftReactions.java" md5: eb471168a99e8a10ed41e6cb4f01797d
endProcessing "com/xuphorium/xuphorium_craft/XCraftReactions.java"

startProcessing "com/xuphorium/xuphorium_craft/XCraftTools.java" md5: 890060ba21a635037d9cb3596d99e02f
endProcessing "com/xuphorium/xuphorium_craft/XCraftTools.java"

startProcessing "com/xuphorium/xuphorium_craft/XCreeper.java" md5: e743aff7914e2b07efacd334fea5f982
endProcessing "com/xuphorium/xuphorium_craft/XCreeper.java"

startProcessing "com/xuphorium/xuphorium_craft/XuphoriumCraft.java" md5: a36c5ece5de25f5a0d12dceaaca5b13a
endProcessing "com/xuphorium/xuphorium_craft/XuphoriumCraft.java"

startProcessing "com/xuphorium/xuphorium_craft/XuphoriumCraftClientProxy.java" md5: 0035ce293d23e0992b01f7fe7db42a7f
endProcessing "com/xuphorium/xuphorium_craft/XuphoriumCraftClientProxy.java"

startProcessing "com/xuphorium/xuphorium_craft/XuphoriumCraftElements.java" md5: 051258719b4c0289bd29c735fd162bcd
endProcessing "com/xuphorium/xuphorium_craft/XuphoriumCraftElements.java"

startProcessing "com/xuphorium/xuphorium_craft/XuphoriumCraftIProxy.java" md5: 3104423d8cde7c385ba1c0c818076920
endProcessing "com/xuphorium/xuphorium_craft/XuphoriumCraftIProxy.java"

startProcessing "com/xuphorium/xuphorium_craft/XuphoriumCraftServerProxy.java" md5: 6d9fa9b1c0701f509b97a512b30f6e23
endProcessing "com/xuphorium/xuphorium_craft/XuphoriumCraftServerProxy.java"

startProcessing "com/xuphorium/xuphorium_craft/XuphoriumCraftVariables.java" md5: 08470a73accd413b014377d00e24a166
endProcessing "com/xuphorium/xuphorium_craft/XuphoriumCraftVariables.java"

